IQ-TREE multicore version 2.0.3 for Linux 64-bit built Dec 20 2020
Developed by Bui Quang Minh, Nguyen Lam Tung, Olga Chernomor,
Heiko Schmidt, Dominik Schrempf, Michael Woodhams.

Host:    ktryan2-9829290.7-e2005.chtc.wisc.edu (AVX512, FMA3, 503 GB RAM)
Command: iqtree -s work/alignments/SAE1_HUMAN.combined_final.aln -nt AUTO -alrt 1000 -bb 1000 -redo
Seed:    264266 (Using SPRNG - Scalable Parallel Random Number Generator)
Time:    Sun Feb 20 15:56:37 2022
Kernel:  AVX+FMA - auto-detect threads (40 CPU cores detected)

Reading alignment file work/alignments/SAE1_HUMAN.combined_final.aln ... Fasta format detected
Alignment most likely contains protein sequences
Alignment has 42 sequences with 513 columns, 508 distinct patterns
478 parsimony-informative, 17 singleton sites, 18 constant sites
                                          Gap/Ambiguity  Composition  p-value
   1  Homo_sapiens|sp|P41226|UBA7_HUMAN           0.19%    failed      0.00%
   2  ancylostoma_caninum|ANCCAN_23258            0.00%    passed     99.40%
   3  haemonchus_contortus|HCON_00110920-00001    0.00%    passed     96.47%
   4  ascaris_suum|AgR008_g224_t01                4.48%    passed     98.82%
   5  ascaris_suum|AgR008_g224_t02                0.00%    passed     99.37%
   6  ascaris_suum|AgR008_g224_t03                0.00%    passed     99.37%
   7  ascaris_suum|AgR008_g224_t04                0.00%    passed     99.37%
   8  brugia_malayi|Bm2818a.1                     0.00%    passed     98.10%
   9  brugia_malayi|Bm2818b.1                     0.00%    passed     98.10%
  10  brugia_malayi|Bm2818d.1                     0.00%    passed     98.10%
  11  brugia_malayi|Bm2818c.1                     0.00%    passed     98.10%
  12  ascaris_suum|AgR046_g076_t01                0.00%    passed     99.38%
  13  ascaris_suum|AgR046_g076_t02                0.00%    passed     99.38%
  14  ascaris_suum|AgR046_g076_t03                0.00%    passed     99.38%
  15  ascaris_suum|AgR046_g076_t04                0.00%    passed     99.38%
  16  ascaris_suum|AgR046_g076_t05                0.00%    passed     99.38%
  17  ascaris_suum|AgR046_g076_t06                0.00%    passed     99.38%
  18  ascaris_suum|AgR046_g076_t08                0.00%    passed     99.38%
  19  ascaris_suum|AgR046_g076_t09                0.00%    passed     99.38%
  20  caenorhabditis_elegans|C47E12.5a.1          0.00%    passed     99.43%
  21  caenorhabditis_elegans|C47E12.5b.1          0.00%    passed     99.43%
  22  caenorhabditis_elegans|C47E12.5b.2          0.00%    passed     99.43%
  23  caenorhabditis_elegans|C47E12.5b.3          0.00%    passed     99.43%
  24  caenorhabditis_elegans|C47E12.5b.4          0.00%    passed     99.43%
  25  caenorhabditis_elegans|C47E12.5c.1          0.00%    passed     99.43%
  26  strongyloides_ratti|SRAE_0000036800.1       0.19%    passed     26.35%
  27  trichuris_muris|TMUE_3000013256.1           0.00%    passed     79.40%
  28  Homo_sapiens|sp|A0AVT1|UBA6_HUMAN           0.19%    passed     36.13%
  29  Homo_sapiens|sp|Q13564|ULA1_HUMAN           1.56%    passed     72.32%
  30  ancylostoma_caninum|ANCCAN_08568            1.95%    passed     41.39%
  31  haemonchus_contortus|HCON_00080280-00001    2.73%    passed     98.50%
  32  caenorhabditis_elegans|C26E6.8a.1           1.17%    passed     32.62%
  33  caenorhabditis_elegans|C26E6.8b.1           1.17%    passed     32.62%
  34  ascaris_suum|AgR030_g129_t02                6.82%    passed     66.84%
  35  ascaris_suum|AgR030_g129_t03                0.00%    passed     72.12%
  36  ascaris_suum|AgR030_g129_t04                0.58%    passed     76.39%
  37  ascaris_suum|AgR030_g129_t08               16.57%    passed     59.26%
  38  ascaris_suum|AgR030_g129_t11                0.58%    passed     76.39%
  39  brugia_malayi|Bm2406a.1                     1.75%    passed     85.65%
  40  trichuris_muris|TMUE_0000000825.1           1.36%    passed     30.58%
  41  trichuris_muris|TMUE_3000012729.1           1.36%    passed     30.58%
  42  strongyloides_ratti|SRAE_1000328100.1       1.95%    failed      0.00%
****  TOTAL                                       1.06%  2 sequences failed composition chi2 test (p-value<5%; df=19)
NOTE: ascaris_suum|AgR008_g224_t03 is identical to ascaris_suum|AgR008_g224_t02 but kept for subsequent analysis
NOTE: brugia_malayi|Bm2818b.1 is identical to brugia_malayi|Bm2818a.1 but kept for subsequent analysis
NOTE: ascaris_suum|AgR046_g076_t02 is identical to ascaris_suum|AgR046_g076_t01 but kept for subsequent analysis
NOTE: caenorhabditis_elegans|C47E12.5b.1 is identical to caenorhabditis_elegans|C47E12.5a.1 but kept for subsequent analysis
NOTE: caenorhabditis_elegans|C26E6.8b.1 is identical to caenorhabditis_elegans|C26E6.8a.1 but kept for subsequent analysis
NOTE: ascaris_suum|AgR030_g129_t11 is identical to ascaris_suum|AgR030_g129_t04 but kept for subsequent analysis
NOTE: trichuris_muris|TMUE_3000012729.1 is identical to trichuris_muris|TMUE_0000000825.1 but kept for subsequent analysis
NOTE: 13 identical sequences (see below) will be ignored for subsequent analysis
NOTE: ascaris_suum|AgR008_g224_t04 (identical to ascaris_suum|AgR008_g224_t02) is ignored but added at the end
NOTE: brugia_malayi|Bm2818d.1 (identical to brugia_malayi|Bm2818a.1) is ignored but added at the end
NOTE: brugia_malayi|Bm2818c.1 (identical to brugia_malayi|Bm2818a.1) is ignored but added at the end
NOTE: ascaris_suum|AgR046_g076_t03 (identical to ascaris_suum|AgR046_g076_t01) is ignored but added at the end
NOTE: ascaris_suum|AgR046_g076_t04 (identical to ascaris_suum|AgR046_g076_t01) is ignored but added at the end
NOTE: ascaris_suum|AgR046_g076_t05 (identical to ascaris_suum|AgR046_g076_t01) is ignored but added at the end
NOTE: ascaris_suum|AgR046_g076_t06 (identical to ascaris_suum|AgR046_g076_t01) is ignored but added at the end
NOTE: ascaris_suum|AgR046_g076_t08 (identical to ascaris_suum|AgR046_g076_t01) is ignored but added at the end
NOTE: ascaris_suum|AgR046_g076_t09 (identical to ascaris_suum|AgR046_g076_t01) is ignored but added at the end
NOTE: caenorhabditis_elegans|C47E12.5b.2 (identical to caenorhabditis_elegans|C47E12.5a.1) is ignored but added at the end
NOTE: caenorhabditis_elegans|C47E12.5b.3 (identical to caenorhabditis_elegans|C47E12.5a.1) is ignored but added at the end
NOTE: caenorhabditis_elegans|C47E12.5b.4 (identical to caenorhabditis_elegans|C47E12.5a.1) is ignored but added at the end
NOTE: caenorhabditis_elegans|C47E12.5c.1 (identical to caenorhabditis_elegans|C47E12.5a.1) is ignored but added at the end
Alignment was printed to work/alignments/SAE1_HUMAN.combined_final.aln.uniqueseq.phy

For your convenience alignment with unique sequences printed to work/alignments/SAE1_HUMAN.combined_final.aln.uniqueseq.phy


Create initial parsimony tree by phylogenetic likelihood library (PLL)... 0.011 seconds
Measuring multi-threading efficiency up to 40 CPU cores
Increase to 10 rounds for branch lengths
40 trees examined
Threads: 1 / Time: 40.936 sec / Speedup: 1.000 / Efficiency: 100% / LogL: -26004
Threads: 2 / Time: 21.014 sec / Speedup: 1.948 / Efficiency: 97% / LogL: -26004
Threads: 3 / Time: 14.412 sec / Speedup: 2.840 / Efficiency: 95% / LogL: -26004
Threads: 4 / Time: 14.005 sec / Speedup: 2.923 / Efficiency: 73% / LogL: -26004
Threads: 5 / Time: 18.462 sec / Speedup: 2.217 / Efficiency: 44% / LogL: -26004
BEST NUMBER OF THREADS: 3

Perform fast likelihood tree search using LG+I+G model...
Estimate model parameters (epsilon = 5.000)
Perform nearest neighbor interchange...
Estimate model parameters (epsilon = 1.000)
1. Initial log-likelihood: -14947.463
Optimal log-likelihood: -14947.456
Proportion of invariable sites: 0.015
Gamma shape alpha: 1.985
Parameters optimization took 1 rounds (0.135 sec)
Time for fast ML tree search: 1.268 seconds

NOTE: ModelFinder requires 25 MB RAM!
ModelFinder will test up to 546 protein models (sample size: 513) ...
 No. Model         -LnL         df  AIC          AICc         BIC
  1  LG            15197.800    55  30505.599    30519.078    30738.814
  2  LG+I          15155.100    56  30422.200    30436.200    30659.656
  3  LG+G4         14949.868    56  30011.736    30025.736    30249.192
  4  LG+I+G4       14947.456    57  30008.913    30023.444    30250.608
  5  LG+R2         14979.880    57  30073.760    30088.291    30315.455
  6  LG+R3         14942.104    59  30002.209    30017.838    30252.385
  7  LG+R4         14937.414    61  29996.828    30013.599    30255.485
 16  LG+F+G4       14946.485    75  30042.970    30069.057    30360.990
 17  LG+F+I+G4     14943.619    76  30039.238    30066.082    30361.499
 19  LG+F+R3       14938.686    78  30033.373    30061.769    30364.114
 20  LG+F+R4       14933.576    80  30027.153    30057.153    30366.375
 29  WAG+G4        15028.349    56  30168.698    30182.698    30406.153
 30  WAG+I+G4      15023.332    57  30160.664    30175.196    30402.359
 32  WAG+R3        15017.306    59  30152.612    30168.241    30402.788
 33  WAG+R4        15014.258    61  30150.517    30167.288    30409.174
 42  WAG+F+G4      14993.707    75  30137.414    30163.501    30455.435
 43  WAG+F+I+G4    14987.373    76  30126.747    30153.591    30449.008
 45  WAG+F+R3      14983.439    78  30122.878    30151.275    30453.620
 46  WAG+F+R4      14979.582    80  30119.165    30149.165    30458.387
 55  JTT+G4        15141.060    56  30394.120    30408.120    30631.575
 56  JTT+I+G4      15137.654    57  30389.308    30403.840    30631.004
 58  JTT+R3        15130.228    59  30378.457    30394.086    30628.633
 59  JTT+R4        15127.856    61  30377.712    30394.484    30636.369
 68  JTT+F+G4      15116.749    75  30383.498    30409.585    30701.519
 69  JTT+F+I+G4    15112.159    76  30376.317    30403.161    30698.578
 71  JTT+F+R3      15106.863    78  30369.727    30398.123    30700.468
 72  JTT+F+R4      15104.222    80  30368.443    30398.443    30707.665
 81  JTTDCMut+G4   15140.815    56  30393.630    30407.630    30631.085
 82  JTTDCMut+I+G4 15137.432    57  30388.863    30403.395    30630.559
 84  JTTDCMut+R3   15129.929    59  30377.858    30393.487    30628.034
 85  JTTDCMut+R4   15127.626    61  30377.252    30394.024    30635.909
 94  JTTDCMut+F+G4 15116.947    75  30383.895    30409.982    30701.915
 95  JTTDCMut+F+I+G4 15112.358    76  30376.715    30403.560    30698.976
 97  JTTDCMut+F+R3 15107.038    78  30370.076    30398.472    30700.817
 98  JTTDCMut+F+R4 15104.484    80  30368.968    30398.968    30708.190
107  DCMut+G4      15260.778    56  30633.556    30647.556    30871.011
108  DCMut+I+G4    15256.537    57  30627.074    30641.606    30868.770
110  DCMut+R3      15250.525    59  30619.049    30634.678    30869.225
111  DCMut+R4      15246.738    61  30615.476    30632.247    30874.132
120  DCMut+F+G4    15197.084    75  30544.168    30570.255    30862.189
121  DCMut+F+I+G4  15190.972    76  30533.945    30560.789    30856.206
123  DCMut+F+R3    15188.095    78  30532.190    30560.586    30862.932
124  DCMut+F+R4    15182.960    80  30525.920    30555.920    30865.142
133  VT+G4         15014.699    56  30141.397    30155.397    30378.853
134  VT+I+G4       15010.234    57  30134.469    30149.001    30376.165
136  VT+R3         15005.264    59  30128.529    30144.158    30378.705
137  VT+R4         15002.935    61  30127.870    30144.642    30386.527
146  VT+F+G4       15002.954    75  30155.908    30181.995    30473.929
147  VT+F+I+G4     14997.828    76  30147.656    30174.500    30469.917
149  VT+F+R3       14993.720    78  30143.440    30171.836    30474.182
150  VT+F+R4       14991.221    80  30142.441    30172.441    30481.663
159  PMB+G4        15095.315    56  30302.629    30316.629    30540.084
160  PMB+I+G4      15091.013    57  30296.026    30310.558    30537.722
162  PMB+R3        15088.699    59  30295.398    30311.027    30545.574
163  PMB+R4        15086.170    61  30294.340    30311.112    30552.997
172  PMB+F+G4      15076.105    75  30302.209    30328.296    30620.230
173  PMB+F+I+G4    15070.965    76  30293.930    30320.775    30616.191
175  PMB+F+R3      15068.445    78  30292.889    30321.285    30623.631
176  PMB+F+R4      15065.614    80  30291.229    30321.229    30630.451
185  Blosum62+G4   15049.269    56  30210.538    30224.538    30447.994
186  Blosum62+I+G4 15044.365    57  30202.729    30217.261    30444.425
188  Blosum62+R3   15042.943    59  30203.886    30219.515    30454.062
189  Blosum62+R4   15039.822    61  30201.644    30218.416    30460.301
198  Blosum62+F+G4 15033.731    75  30217.462    30243.549    30535.483
199  Blosum62+F+I+G4 15028.331    76  30208.662    30235.506    30530.923
201  Blosum62+F+R3 15026.206    78  30208.411    30236.808    30539.153
202  Blosum62+F+R4 15022.970    80  30205.940    30235.940    30545.162
211  Dayhoff+G4    15261.037    56  30634.074    30648.074    30871.530
212  Dayhoff+I+G4  15256.815    57  30627.629    30642.161    30869.325
214  Dayhoff+R3    15250.815    59  30619.631    30635.260    30869.807
215  Dayhoff+R4    15247.033    61  30616.066    30632.838    30874.723
224  Dayhoff+F+G4  15197.497    75  30544.994    30571.081    30863.015
225  Dayhoff+F+I+G4 15191.391    76  30534.782    30561.626    30857.043
227  Dayhoff+F+R3  15188.546    78  30533.093    30561.489    30863.834
228  Dayhoff+F+R4  15183.409    80  30526.818    30556.818    30866.040
237  mtREV+G4      15904.150    56  31920.301    31934.301    32157.756
238  mtREV+I+G4    15902.258    57  31918.516    31933.048    32160.212
240  mtREV+R3      15904.479    59  31926.958    31942.587    32177.134
241  mtREV+R4      15902.321    61  31926.642    31943.413    32185.299
250  mtREV+F+G4    15269.730    75  30689.460    30715.547    31007.481
251  mtREV+F+I+G4  15267.214    76  30686.427    30713.271    31008.688
253  mtREV+F+R3    15266.776    78  30689.552    30717.949    31020.294
254  mtREV+F+R4    15257.563    80  30675.127    30705.127    31014.349
263  mtART+G4      16073.175    56  32258.351    32272.351    32495.806
264  mtART+I+G4    16069.174    57  32252.348    32266.880    32494.043
266  mtART+R3      16077.621    59  32273.242    32288.871    32523.418
267  mtART+R4      16067.398    61  32256.797    32273.568    32515.453
276  mtART+F+G4    15446.284    75  31042.568    31068.655    31360.589
277  mtART+F+I+G4  15443.098    76  31038.195    31065.039    31360.456
279  mtART+F+R3    15446.559    78  31049.118    31077.514    31379.860
280  mtART+F+R4    15429.363    80  31018.726    31048.726    31357.948
289  mtZOA+G4      15745.331    56  31602.663    31616.663    31840.118
290  mtZOA+I+G4    15742.914    57  31599.828    31614.360    31841.524
292  mtZOA+R3      15748.376    59  31614.751    31630.380    31864.928
293  mtZOA+R4      15741.066    61  31604.133    31620.905    31862.790
302  mtZOA+F+G4    15274.473    75  30698.946    30725.033    31016.967
303  mtZOA+F+I+G4  15271.441    76  30694.882    30721.726    31017.143
305  mtZOA+F+R3    15274.156    78  30704.313    30732.709    31035.054
306  mtZOA+F+R4    15262.184    80  30684.367    30714.367    31023.590
315  mtMet+G4      15902.714    56  31917.429    31931.429    32154.884
316  mtMet+I+G4    15900.374    57  31914.748    31929.280    32156.444
318  mtMet+R3      15904.456    59  31926.913    31942.542    32177.089
319  mtMet+R4      15900.979    61  31923.957    31940.729    32182.614
328  mtMet+F+G4    15303.499    75  30756.997    30783.084    31075.018
329  mtMet+F+I+G4  15300.604    76  30753.208    30780.052    31075.469
331  mtMet+F+R3    15300.429    78  30756.857    30785.253    31087.599
332  mtMet+F+R4    15296.193    80  30752.386    30782.386    31091.608
341  mtVer+G4      16093.532    56  32299.065    32313.065    32536.520
342  mtVer+I+G4    16090.611    57  32295.221    32309.753    32536.917
344  mtVer+R3      16094.843    59  32307.686    32323.315    32557.862
345  mtVer+R4      16090.844    61  32303.688    32320.460    32562.345
354  mtVer+F+G4    15496.024    75  31142.049    31168.136    31460.069
355  mtVer+F+I+G4  15491.789    76  31135.577    31162.421    31457.838
357  mtVer+F+R3    15490.595    78  31137.190    31165.586    31467.931
358  mtVer+F+R4    15485.549    80  31131.098    31161.098    31470.320
367  mtInv+G4      15949.297    56  32010.594    32024.594    32248.049
368  mtInv+I+G4    15946.613    57  32007.227    32021.759    32248.923
370  mtInv+R3      15950.531    59  32019.063    32034.692    32269.239
371  mtInv+R4      15947.644    61  32017.287    32034.059    32275.944
380  mtInv+F+G4    15196.988    75  30543.976    30570.063    30861.997
381  mtInv+F+I+G4  15192.926    76  30537.853    30564.697    30860.114
383  mtInv+F+R3    15193.652    78  30543.304    30571.700    30874.045
384  mtInv+F+R4    15188.660    80  30537.321    30567.321    30876.543
393  mtMAM+G4      16264.940    56  32641.880    32655.880    32879.336
394  mtMAM+I+G4    16260.584    57  32635.167    32649.699    32876.863
396  mtMAM+R3      16270.567    59  32659.133    32674.763    32909.310
397  mtMAM+R4      16260.194    61  32642.388    32659.159    32901.044
406  mtMAM+F+G4    15614.066    75  31378.131    31404.218    31696.152
407  mtMAM+F+I+G4  15610.825    76  31373.650    31400.494    31695.911
409  mtMAM+F+R3    15613.831    78  31383.662    31412.059    31714.404
410  mtMAM+F+R4    15598.765    80  31357.531    31387.531    31696.753
419  HIVb+G4       15473.936    56  31059.871    31073.871    31297.327
420  HIVb+I+G4     15468.561    57  31051.121    31065.653    31292.817
422  HIVb+R3       15462.529    59  31043.059    31058.688    31293.235
423  HIVb+R4       15459.734    61  31041.467    31058.239    31300.124
432  HIVb+F+G4     15409.913    75  30969.827    30995.914    31287.848
433  HIVb+F+I+G4   15405.088    76  30962.177    30989.021    31284.438
435  HIVb+F+R3     15398.551    78  30953.103    30981.499    31283.844
436  HIVb+F+R4     15395.796    80  30951.592    30981.592    31290.814
445  HIVw+G4       16068.776    56  32249.552    32263.552    32487.008
446  HIVw+I+G4     16057.252    57  32228.505    32243.037    32470.201
448  HIVw+R3       16056.141    59  32230.281    32245.910    32480.458
449  HIVw+R4       16048.955    61  32219.909    32236.681    32478.566
458  HIVw+F+G4     15772.768    75  31695.535    31721.622    32013.556
459  HIVw+F+I+G4   15760.370    76  31672.740    31699.584    31995.001
461  HIVw+F+R3     15761.589    78  31679.178    31707.574    32009.919
462  HIVw+F+R4     15753.072    80  31666.143    31696.143    32005.366
471  FLU+G4        15402.635    56  30917.269    30931.269    31154.725
472  FLU+I+G4      15396.335    57  30906.670    30921.202    31148.366
474  FLU+R3        15395.537    59  30909.074    30924.703    31159.250
475  FLU+R4        15390.464    61  30902.929    30919.700    31161.585
484  FLU+F+G4      15310.354    75  30770.707    30796.794    31088.728
485  FLU+F+I+G4    15303.168    76  30758.336    30785.180    31080.597
487  FLU+F+R3      15304.236    78  30764.471    30792.867    31095.213
488  FLU+F+R4      15299.199    80  30758.399    30788.399    31097.621
497  rtREV+G4      15079.717    56  30271.434    30285.434    30508.890
498  rtREV+I+G4    15077.285    57  30268.570    30283.102    30510.266
500  rtREV+R3      15073.796    59  30265.593    30281.222    30515.769
501  rtREV+R4      15068.350    61  30258.701    30275.472    30517.358
510  rtREV+F+G4    14977.058    75  30104.116    30130.203    30422.136
511  rtREV+F+I+G4  14974.018    76  30100.036    30126.880    30422.297
513  rtREV+F+R3    14970.796    78  30097.591    30125.988    30428.333
514  rtREV+F+R4    14964.264    80  30088.529    30118.529    30427.751
523  cpREV+G4      15107.623    56  30327.246    30341.246    30564.702
524  cpREV+I+G4    15098.039    57  30310.077    30324.609    30551.773
526  cpREV+R3      15100.741    59  30319.481    30335.111    30569.658
527  cpREV+R4      15096.803    61  30315.606    30332.378    30574.263
536  cpREV+F+G4    15074.993    75  30299.986    30326.073    30618.006
537  cpREV+F+I+G4  15065.245    76  30282.489    30309.333    30604.750
539  cpREV+F+R3    15065.551    78  30287.102    30315.499    30617.844
540  cpREV+F+R4    15061.632    80  30283.264    30313.264    30622.486
Akaike Information Criterion:           LG+R4
Corrected Akaike Information Criterion: LG+R4
Bayesian Information Criterion:         LG+G4
Best-fit model: LG+G4 chosen according to BIC

All model information printed to work/alignments/SAE1_HUMAN.combined_final.aln.model.gz
CPU time for ModelFinder: 959.220 seconds (0h:15m:59s)
Wall-clock time for ModelFinder: 346.455 seconds (0h:5m:46s)
Generating 1000 samples for ultrafast bootstrap (seed: 264266)...

NOTE: 11 MB RAM (0 GB) is required!
Estimate model parameters (epsilon = 0.100)
1. Initial log-likelihood: -14949.868
Optimal log-likelihood: -14949.868
Gamma shape alpha: 1.792
Parameters optimization took 1 rounds (0.151 sec)
Computing ML distances based on estimated model parameters... 0.255 sec
Computing BIONJ tree...
0.001 seconds
Log-likelihood of BIONJ tree: -14959.575
--------------------------------------------------------------------
|             INITIALIZING CANDIDATE TREE SET                      |
--------------------------------------------------------------------
Generating 98 parsimony trees... 1.364 second
Computing log-likelihood of 98 initial trees ... 4.343 seconds
Current best score: -14949.868

Do NNI search on 20 best initial trees
Estimate model parameters (epsilon = 0.100)
BETTER TREE FOUND at iteration 1: -14949.867
Iteration 10 / LogL: -14949.881 / Time: 0h:0m:12s
BETTER TREE FOUND at iteration 11: -14949.867
Iteration 20 / LogL: -14949.868 / Time: 0h:0m:20s
Finish initializing candidate tree set (8)
Current best tree score: -14949.867 / CPU time: 20.399
Number of iterations: 20
--------------------------------------------------------------------
|               OPTIMIZING CANDIDATE TREE SET                      |
--------------------------------------------------------------------
Iteration 30 / LogL: -14950.323 / Time: 0h:0m:31s (0h:1m:27s left)
Iteration 40 / LogL: -15056.279 / Time: 0h:0m:42s (0h:1m:17s left)
Iteration 50 / LogL: -14949.899 / Time: 0h:0m:52s (0h:1m:5s left)
Log-likelihood cutoff on original alignment: -14990.033
Iteration 60 / LogL: -14950.322 / Time: 0h:1m:3s (0h:0m:54s left)
Iteration 70 / LogL: -14949.873 / Time: 0h:1m:15s (0h:0m:44s left)
Iteration 80 / LogL: -14949.868 / Time: 0h:1m:27s (0h:0m:34s left)
Iteration 90 / LogL: -14950.330 / Time: 0h:1m:39s (0h:0m:23s left)
Iteration 100 / LogL: -14959.425 / Time: 0h:1m:49s (0h:0m:12s left)
Log-likelihood cutoff on original alignment: -14990.033
NOTE: Bootstrap correlation coefficient of split occurrence frequencies: 0.998
Iteration 110 / LogL: -14949.873 / Time: 0h:2m:0s (0h:1m:39s left)
TREE SEARCH COMPLETED AFTER 112 ITERATIONS / Time: 0h:2m:3s

--------------------------------------------------------------------
|                    FINALIZING TREE SEARCH                        |
--------------------------------------------------------------------
Performs final model parameters optimization
Estimate model parameters (epsilon = 0.010)
1. Initial log-likelihood: -14949.867
Optimal log-likelihood: -14949.867
Gamma shape alpha: 1.794
Parameters optimization took 1 rounds (0.225 sec)
BEST SCORE FOUND : -14949.867

Testing tree branches by SH-like aLRT with 1000 replicates...
0.628 sec.
Creating bootstrap support values...
Split supports printed to NEXUS file work/alignments/SAE1_HUMAN.combined_final.aln.splits.nex
Total tree length: 12.157

Total number of iterations: 112
CPU time used for tree search: 352.060 sec (0h:5m:52s)
Wall-clock time used for tree search: 122.952 sec (0h:2m:2s)
Total CPU time used: 355.985 sec (0h:5m:55s)
Total wall-clock time used: 124.558 sec (0h:2m:4s)

Computing bootstrap consensus tree...
Reading input file work/alignments/SAE1_HUMAN.combined_final.aln.splits.nex...
29 taxa and 149 splits.
Consensus tree written to work/alignments/SAE1_HUMAN.combined_final.aln.contree
Reading input trees file work/alignments/SAE1_HUMAN.combined_final.aln.contree
Log-likelihood of consensus tree: -14949.887

Analysis results written to: 
  IQ-TREE report:                work/alignments/SAE1_HUMAN.combined_final.aln.iqtree
  Maximum-likelihood tree:       work/alignments/SAE1_HUMAN.combined_final.aln.treefile
  Likelihood distances:          work/alignments/SAE1_HUMAN.combined_final.aln.mldist

Ultrafast bootstrap approximation results written to:
  Split support values:          work/alignments/SAE1_HUMAN.combined_final.aln.splits.nex
  Consensus tree:                work/alignments/SAE1_HUMAN.combined_final.aln.contree
  Screen log file:               work/alignments/SAE1_HUMAN.combined_final.aln.log

Date and Time: Sun Feb 20 16:04:28 2022
